==========================================
AMR Baseline SMATCH Job
==========================================
Job ID: 3730945
Node: uc2n565
Start time: Sun Mar 22 06:04:52 PM CET 2026

Loading modules...
CUDA Home: /opt/bwhpc/common/devel/cuda/12.8
Python: /opt/bwhpc/common/devel/python/3.13.3_llvm_19.1/bin/python

Setting up project environment...
Working directory: /home/tu/tu_tu/tu_zxord71/konkani-amr/experiments/baseline
Running on device: cuda
Dataset size: 1100

Baseline evaluation completed.
{
  "Smatch Precision": 0.0,
  "Smatch Recall": 0.0,
  "Smatch Fscore": 0.0,
  "Smatch Unparsable": 100.0,
  "Smatch Unparsable Count": 1100,
  "Num Examples": 1100
}

Saved metrics: results/metrics.json
Saved predictions: results/predictions.tsv

==========================================
AMR baseline job completed
==========================================
Exit code: 0
End time: Sun Mar 22 06:17:47 PM CET 2026

✓ Baseline evaluation completed successfully.
Results: experiments/baseline/results

============================= JOB FEEDBACK =============================

NodeName=uc2n565
Job ID: 3730945
Cluster: uc3
User/Group: tu_zxord71/tu_tu
State: COMPLETED (exit code 0)
Nodes: 1
Cores per node: 8
CPU Utilized: 00:11:46
CPU Efficiency: 11.23% of 01:44:48 core-walltime
Job Wall-clock time: 00:13:06
Memory Utilized: 1.51 GB
Memory Efficiency: 1.64% of 91.80 GB (91.80 GB/node)
